<?xml version="1.0" encoding="UTF-8"?>
<testsuite name="com.my.backend.BackendApplicationTests" tests="1" skipped="0" failures="0" errors="0" timestamp="2025-03-26T03:06:12.330Z" hostname="DESKTOP-VNOT4GD" time="0.708">
  <properties/>
  <testcase name="contextLoads()" classname="com.my.backend.BackendApplicationTests" time="0.708"/>
  <system-out><![CDATA[12:06:08.361 [Test worker] INFO org.springframework.test.context.support.AnnotationConfigContextLoaderUtils -- Could not detect default configuration classes for test class [com.my.backend.BackendApplicationTests]: BackendApplicationTests does not declare any static, non-private, non-final, nested classes annotated with @Configuration.
12:06:08.502 [Test worker] INFO org.springframework.boot.test.context.SpringBootTestContextBootstrapper -- Found @SpringBootConfiguration com.my.backend.BackendApplication for test class com.my.backend.BackendApplicationTests

  .   ____          _            __ _ _
 /\\ / ___'_ __ _ _(_)_ __  __ _ \ \ \ \
( ( )\___ | '_ | '_| | '_ \/ _` | \ \ \ \
 \\/  ___)| |_)| | | | | || (_| |  ) ) ) )
  '  |____| .__|_| |_|_| |_\__, | / / / /
 =========|_|==============|___/=/_/_/_/

 :: Spring Boot ::                (v3.4.4)

2025-03-26T12:06:09.015+09:00  INFO 3848 --- [backend] [    Test worker] com.my.backend.BackendApplicationTests   : Starting BackendApplicationTests using Java 17.0.13 with PID 3848 (started by 80409 in C:\lminji\fullstack-depoly\backend)
2025-03-26T12:06:09.015+09:00  INFO 3848 --- [backend] [    Test worker] com.my.backend.BackendApplicationTests   : No active profile set, falling back to 1 default profile: "default"
2025-03-26T12:06:09.849+09:00  INFO 3848 --- [backend] [    Test worker] .s.d.r.c.RepositoryConfigurationDelegate : Bootstrapping Spring Data JPA repositories in DEFAULT mode.
2025-03-26T12:06:09.880+09:00  INFO 3848 --- [backend] [    Test worker] .s.d.r.c.RepositoryConfigurationDelegate : Finished Spring Data repository scanning in 18 ms. Found 0 JPA repository interfaces.
2025-03-26T12:06:10.287+09:00  INFO 3848 --- [backend] [    Test worker] com.zaxxer.hikari.HikariDataSource       : HikariPool-1 - Starting...
2025-03-26T12:06:10.539+09:00  INFO 3848 --- [backend] [    Test worker] com.zaxxer.hikari.pool.HikariPool        : HikariPool-1 - Added connection conn0: url=jdbc:h2:mem:f25d4200-4501-4b5d-913c-3cf4bae592a9 user=SA
2025-03-26T12:06:10.555+09:00  INFO 3848 --- [backend] [    Test worker] com.zaxxer.hikari.HikariDataSource       : HikariPool-1 - Start completed.
2025-03-26T12:06:10.617+09:00  INFO 3848 --- [backend] [    Test worker] o.hibernate.jpa.internal.util.LogHelper  : HHH000204: Processing PersistenceUnitInfo [name: default]
2025-03-26T12:06:10.697+09:00  INFO 3848 --- [backend] [    Test worker] org.hibernate.Version                    : HHH000412: Hibernate ORM core version 6.6.11.Final
2025-03-26T12:06:10.743+09:00  INFO 3848 --- [backend] [    Test worker] o.h.c.internal.RegionFactoryInitiator    : HHH000026: Second-level cache disabled
2025-03-26T12:06:11.151+09:00  INFO 3848 --- [backend] [    Test worker] o.s.o.j.p.SpringPersistenceUnitInfo      : No LoadTimeWeaver setup: ignoring JPA class transformer
2025-03-26T12:06:11.244+09:00  INFO 3848 --- [backend] [    Test worker] org.hibernate.orm.connections.pooling    : HHH10001005: Database info:
	Database JDBC URL [Connecting through datasource 'HikariDataSource (HikariPool-1)']
	Database driver: undefined/unknown
	Database version: 2.3.232
	Autocommit mode: undefined/unknown
	Isolation level: undefined/unknown
	Minimum pool size: undefined/unknown
	Maximum pool size: undefined/unknown
2025-03-26T12:06:11.635+09:00  INFO 3848 --- [backend] [    Test worker] o.h.e.t.j.p.i.JtaPlatformInitiator       : HHH000489: No JTA platform available (set 'hibernate.transaction.jta.platform' to enable JTA platform integration)
2025-03-26T12:06:11.651+09:00  INFO 3848 --- [backend] [    Test worker] j.LocalContainerEntityManagerFactoryBean : Initialized JPA EntityManagerFactory for persistence unit 'default'
2025-03-26T12:06:11.822+09:00  WARN 3848 --- [backend] [    Test worker] JpaBaseConfiguration$JpaWebConfiguration : spring.jpa.open-in-view is enabled by default. Therefore, database queries may be performed during view rendering. Explicitly configure spring.jpa.open-in-view to disable this warning
2025-03-26T12:06:12.310+09:00  INFO 3848 --- [backend] [    Test worker] com.my.backend.BackendApplicationTests   : Started BackendApplicationTests in 3.621 seconds (process running for 4.922)
]]></system-out>
  <system-err><![CDATA[]]></system-err>
</testsuite>
